<?xml version="1.0" encoding="UTF-8"?>
<testsuite name="com.assignment.loancalculator.processor.LoanProcessorTest" tests="1" skipped="0" failures="0" errors="0" timestamp="2022-05-29T21:18:21" hostname="IN-G4CCTQ2-10" time="0.028">
  <properties/>
  <testcase name="shouldReadCommandsFromFileProcessLoanAndDisplayBalance()" classname="com.assignment.loancalculator.processor.LoanProcessorTest" time="0.028"/>
  <system-out><![CDATA[]]></system-out>
  <system-err><![CDATA[]]></system-err>
</testsuite>
